Compose can now delegate builds to bake for better performance.
 To do so, set COMPOSE_BAKE=true.
#0 building with "default" instance using docker driver

#1 [mariadb internal] load build definition from Dockerfile
#1 transferring dockerfile: 519B done
#1 DONE 0.0s

#2 [mariadb internal] load metadata for docker.io/library/debian:bullseye
#2 DONE 0.2s

#3 [mariadb internal] load .dockerignore
#3 transferring context: 2B done
#3 DONE 0.0s

#4 [mariadb 1/4] FROM docker.io/library/debian:bullseye@sha256:aa5332dbbec7ff8cdf7dfb8b467c6ac2d55419104af1e49b6f1c22b996da391b
#4 DONE 0.0s

#5 [mariadb internal] load build context
#5 transferring context: 57B done
#5 DONE 0.0s

#6 [mariadb 2/4] RUN apt update && apt install -y mariadb-server
#6 CACHED

#7 [mariadb 3/4] COPY ./conf/my.cnf /etc/mysql/conf.d/custom.cnf
#7 CACHED

#8 [mariadb 4/4] RUN mkdir -p /var/run/mysqld && chown -R mysql:mysql /var/run/mysqld
#8 CACHED

#9 [mariadb] exporting to image
#9 exporting layers done
#9 writing image sha256:77bf971c62696bbc1b5e0f5ee16fbeb3b209429b8eaa0c3083e8d06c83bf0dbf done
#9 naming to docker.io/library/srcs-mariadb 0.1s done
#9 DONE 0.3s

#10 [mariadb] resolving provenance for metadata file
#10 DONE 0.0s

#11 [wordpress internal] load build definition from Dockerfile
#11 transferring dockerfile: 1.29kB done
#11 DONE 0.0s

#12 [wordpress internal] load metadata for docker.io/library/wordpress:php8.2-fpm
#12 DONE 0.2s

#13 [wordpress internal] load .dockerignore
#13 transferring context: 2B done
#13 DONE 0.0s

#14 [wordpress  1/10] FROM docker.io/library/wordpress:php8.2-fpm@sha256:7cab8e3eb22fc15496c5f9be99e0023b8e370850a23c00590fdb4d180d42ffe5
#14 DONE 0.0s

#15 [wordpress internal] load build context
#15 transferring context: 184B done
#15 DONE 0.0s

#16 [wordpress  7/10] COPY ./conf/wp-config.php /var/www/html/wp-config.php
#16 CACHED

#17 [wordpress  3/10] RUN curl -O https://raw.githubusercontent.com/wp-cli/builds/gh-pages/phar/wp-cli.phar     && chmod +x wp-cli.phar     && mv wp-cli.phar /usr/local/bin/wp
#17 CACHED

#18 [wordpress  4/10] COPY ./conf/www.conf /usr/local/etc/php-fpm.d/www.conf
#18 CACHED

#19 [wordpress  2/10] RUN apt-get update && apt-get install -y         netcat-openbsd         curl         less     && docker-php-ext-install mysqli     && rm -rf /var/lib/apt/lists/*
#19 CACHED

#20 [wordpress  5/10] COPY ./wait-for-mariadb.sh /wait-for-mariadb.sh
#20 CACHED

#21 [wordpress  6/10] RUN chmod +x /wait-for-mariadb.sh
#21 CACHED

#22 [wordpress  9/10] COPY ./conf/check_db_connection.php /usr/local/bin/check_db_connection.php
#22 CACHED

#23 [wordpress  8/10] RUN chown www-data:www-data /var/www/html/wp-config.php
#23 CACHED

#24 [wordpress 10/10] RUN chown -R www-data:www-data /var/www/html
#24 CACHED

#25 [wordpress] exporting to image
#25 exporting layers done
#25 writing image sha256:6003912a3ee3dfdaedec56b57375b4fd84c0c3d042ea4bacc337dc32b1e41d95 done
#25 naming to docker.io/library/srcs-wordpress 0.1s done
#25 DONE 0.2s

#26 [wordpress] resolving provenance for metadata file
#26 DONE 0.0s

#27 [nginx internal] load build definition from Dockerfile
#27 transferring dockerfile: 2.02kB done
#27 DONE 0.3s

#2 [nginx internal] load metadata for docker.io/library/debian:bullseye
#2 DONE 0.4s

#28 [nginx internal] load .dockerignore
#28 transferring context: 2B done
#28 DONE 0.0s

#4 [nginx 1/7] FROM docker.io/library/debian:bullseye@sha256:aa5332dbbec7ff8cdf7dfb8b467c6ac2d55419104af1e49b6f1c22b996da391b
#4 DONE 0.0s

#29 [nginx internal] load build context
#29 transferring context: 166B done
#29 DONE 0.0s

#30 [nginx 3/7] COPY ./wait-for-wordpress.sh /wait-for-wordpress.sh
#30 CACHED

#31 [nginx 5/7] COPY ./html/error502.html /usr/share/nginx/html/error502.html
#31 CACHED

#32 [nginx 2/7] RUN apt update && apt install -y     nginx     openssl     netcat  && mkdir -p /var/log/nginx /etc/nginx/conf.d /run/nginx /etc/nginx/ssl /usr/share/nginx/html  && chown -R www-data:www-data /var/log/nginx /etc/nginx
#32 CACHED

#33 [nginx 4/7] COPY ./conf/default.conf /etc/nginx/conf.d/default.conf
#33 CACHED

#34 [nginx 6/7] RUN chmod +x /wait-for-wordpress.sh
#34 CACHED

#35 [nginx 7/7] RUN openssl req -x509 -nodes -days 365 -newkey rsa:2048     -keyout /etc/nginx/ssl/nginx.key     -out /etc/nginx/ssl/nginx.crt     -subj "/C=ES/ST=42/L=Inception/O=42/OU=Student/CN=localhost"
#35 CACHED

#36 [nginx] exporting to image
#36 exporting layers done
#36 writing image sha256:771633f5068a7ac37860516929408d2ed131901aaad32fc4d76c2f8ceb9d821e done
#36 naming to docker.io/library/srcs-nginx 0.1s done
#36 DONE 0.3s

#37 [nginx] resolving provenance for metadata file
#37 DONE 0.0s
 mariadb  Built
 nginx  Built
 wordpress  Built
